<?xml version="1.0" encoding="UTF-8" ?>
<testsuite tests="1" failures="0" name="servicetests.RunServiceTest" time="0.101" errors="1" skipped="0">
  <properties>
[...]
</properties>
  <testcase classname="Java Classes can be turned into DiffTrees" name="A change in class title is recognized." time="0.101">
    <error message="The step &apos;an original:&apos; and 9 other step(s) are undefined.
You can implement these steps using the snippet(s) below:

@Given(&quot;an original:&quot;)
public void an_original(String docString) {
    // Write code here that turns the phrase above into concrete actions
    throw new io.cucumber.java.PendingException();
}
@Given(&quot;a modified:&quot;)
public void a_modified(String docString) {
    // Write code here that turns the phrase above into concrete actions
    throw new io.cucumber.java.PendingException();
}
@When(&quot;a DiffTree is created&quot;)
public void a_diff_tree_is_created() {
    // Write code here that turns the phrase above into concrete actions
    throw new io.cucumber.java.PendingException();
}
@Then(&quot;node ROOT has label CLASS&quot;)
public void node_root_has_label_class() {
    // Write code here that turns the phrase above into concrete actions
    throw new io.cucumber.java.PendingException();
}
@Then(&quot;ROOT has a child, CAM, at position {int}&quot;)
public void root_has_a_child_cam_at_position(Integer int1) {
    // Write code here that turns the phrase above into concrete actions
    throw new io.cucumber.java.PendingException();
}
@Then(&quot;ROOT has two children, OLD_NAME and NEW_NAME, at position {int}, where OLD_NAME is of type DELETE and NEW_NAME is of type CREATE&quot;)
public void root_has_two_children_old_name_and_new_name_at_position_where_old_name_is_of_type_delete_and_new_name_is_of_type_create(Integer int1) {
    // Write code here that turns the phrase above into concrete actions
    throw new io.cucumber.java.PendingException();
}
@Then(&quot;OLD_NAME has label IDENTIFIER&quot;)
public void old_name_has_label_identifier() {
    // Write code here that turns the phrase above into concrete actions
    throw new io.cucumber.java.PendingException();
}
@Then(&quot;OLD_NAME has value Foo&quot;)
public void old_name_has_value_foo() {
    // Write code here that turns the phrase above into concrete actions
    throw new io.cucumber.java.PendingException();
}
@Then(&quot;NEW_NAME has label IDENTIFIER&quot;)
public void new_name_has_label_identifier() {
    // Write code here that turns the phrase above into concrete actions
    throw new io.cucumber.java.PendingException();
}
@Then(&quot;NEW_NAME has value Bar&quot;)
public void new_name_has_value_bar() {
    // Write code here that turns the phrase above into concrete actions
    throw new io.cucumber.java.PendingException();
}
" type="io.cucumber.junit.UndefinedStepException">io.cucumber.junit.UndefinedStepException: The step &apos;an original:&apos; and 9 other step(s) are undefined.
You can implement these steps using the snippet(s) below:

@Given(&quot;an original:&quot;)
public void an_original(String docString) {
    // Write code here that turns the phrase above into concrete actions
    throw new io.cucumber.java.PendingException();
}
@Given(&quot;a modified:&quot;)
public void a_modified(String docString) {
    // Write code here that turns the phrase above into concrete actions
    throw new io.cucumber.java.PendingException();
}
@When(&quot;a DiffTree is created&quot;)
public void a_diff_tree_is_created() {
    // Write code here that turns the phrase above into concrete actions
    throw new io.cucumber.java.PendingException();
}
@Then(&quot;node ROOT has label CLASS&quot;)
public void node_root_has_label_class() {
    // Write code here that turns the phrase above into concrete actions
    throw new io.cucumber.java.PendingException();
}
@Then(&quot;ROOT has a child, CAM, at position {int}&quot;)
public void root_has_a_child_cam_at_position(Integer int1) {
    // Write code here that turns the phrase above into concrete actions
    throw new io.cucumber.java.PendingException();
}
@Then(&quot;ROOT has two children, OLD_NAME and NEW_NAME, at position {int}, where OLD_NAME is of type DELETE and NEW_NAME is of type CREATE&quot;)
public void root_has_two_children_old_name_and_new_name_at_position_where_old_name_is_of_type_delete_and_new_name_is_of_type_create(Integer int1) {
    // Write code here that turns the phrase above into concrete actions
    throw new io.cucumber.java.PendingException();
}
@Then(&quot;OLD_NAME has label IDENTIFIER&quot;)
public void old_name_has_label_identifier() {
    // Write code here that turns the phrase above into concrete actions
    throw new io.cucumber.java.PendingException();
}
@Then(&quot;OLD_NAME has value Foo&quot;)
public void old_name_has_value_foo() {
    // Write code here that turns the phrase above into concrete actions
    throw new io.cucumber.java.PendingException();
}
@Then(&quot;NEW_NAME has label IDENTIFIER&quot;)
public void new_name_has_label_identifier() {
    // Write code here that turns the phrase above into concrete actions
    throw new io.cucumber.java.PendingException();
}
@Then(&quot;NEW_NAME has value Bar&quot;)
public void new_name_has_value_bar() {
    // Write code here that turns the phrase above into concrete actions
    throw new io.cucumber.java.PendingException();
}

</error>
    <system-out>
Scenario: A change in class title is recognized.                                                                                   &amp;#27;[90m# servicetests/classes_are_handled_correctly.feature:4&amp;#27;[0m
  &amp;#27;[33mGiven &amp;#27;[0m&amp;#27;[33man original:&amp;#27;[0m                                                                                                               &amp;#27;[90m# null&amp;#27;[0m
  &amp;#27;[36mAnd &amp;#27;[0m&amp;#27;[36ma modified:&amp;#27;[0m                                                                                                                  &amp;#27;[90m# null&amp;#27;[0m
  &amp;#27;[36mWhen &amp;#27;[0m&amp;#27;[36ma DiffTree is created&amp;#27;[0m                                                                                                       &amp;#27;[90m# null&amp;#27;[0m
  &amp;#27;[36mThen &amp;#27;[0m&amp;#27;[36mnode ROOT has label CLASS&amp;#27;[0m                                                                                                   &amp;#27;[90m# null&amp;#27;[0m
  &amp;#27;[36mAnd &amp;#27;[0m&amp;#27;[36mROOT has a child, CAM, at position 0&amp;#27;[0m                                                                                         &amp;#27;[90m# null&amp;#27;[0m
  &amp;#27;[36mAnd &amp;#27;[0m&amp;#27;[36mROOT has two children, OLD_NAME and NEW_NAME, at position 1, where OLD_NAME is of type DELETE and NEW_NAME is of type CREATE&amp;#27;[0m &amp;#27;[90m# null&amp;#27;[0m
  &amp;#27;[36mAnd &amp;#27;[0m&amp;#27;[36mOLD_NAME has label IDENTIFIER&amp;#27;[0m                                                                                                &amp;#27;[90m# null&amp;#27;[0m
  &amp;#27;[36mAnd &amp;#27;[0m&amp;#27;[36mOLD_NAME has value Foo&amp;#27;[0m                                                                                                       &amp;#27;[90m# null&amp;#27;[0m
  &amp;#27;[36mAnd &amp;#27;[0m&amp;#27;[36mNEW_NAME has label IDENTIFIER&amp;#27;[0m                                                                                                &amp;#27;[90m# null&amp;#27;[0m
  &amp;#27;[36mAnd &amp;#27;[0m&amp;#27;[36mNEW_NAME has value Bar&amp;#27;[0m                                                                                                       &amp;#27;[90m# null&amp;#27;[0m
</system-out>
  </testcase>
</testsuite>